<?xml version="1.0" encoding="UTF-8"?>
<!-- Generated by org.testng.reporters.JUnitXMLReporter -->
<testsuite ignored="0" hostname="5CG1046Y69" failures="0" tests="4" name="Surefire test" time="10.927" errors="0" timestamp="2023-02-11T14:00:31 IST">
  <testcase classname="Tests.CreatePetTests" name="createNewPet" time="5.145"/>
  <testcase classname="Tests.DeletePetTests" name="deleteInvalidPet" time="1.382"/>
  <testcase classname="Tests.GetPetDetailsTests" name="getPetDetailsByStatus" time="1.487"/>
  <testcase classname="Tests.UpdatePetTests" name="updatePetDetails" time="2.863"/>
</testsuite> <!-- Surefire test -->
