<?xml version="1.0" encoding="UTF-8"?>
<testng-results ignored="0" total="4" passed="4" failed="0" skipped="0">
  <reporter-output>
  </reporter-output>
  <suite started-at="2023-02-11T14:00:21 IST" name="Surefire suite" finished-at="2023-02-11T14:00:31 IST" duration-ms="10927">
    <groups>
    </groups>
    <test started-at="2023-02-11T14:00:21 IST" name="Surefire test" finished-at="2023-02-11T14:00:31 IST" duration-ms="10927">
      <class name="Tests.DeletePetTests">
        <test-method signature="deleteInvalidPet()[pri:0, instance:Tests.DeletePetTests@4e268090]" started-at="2023-02-11T14:00:26 IST" name="deleteInvalidPet" finished-at="2023-02-11T14:00:27 IST" duration-ms="1382" status="PASS">
          <reporter-output>
          </reporter-output>
        </test-method> <!-- deleteInvalidPet -->
      </class> <!-- Tests.DeletePetTests -->
      <class name="Tests.GetPetDetailsTests">
        <test-method signature="getPetDetailsByStatus()[pri:0, instance:Tests.GetPetDetailsTests@1bb266b3]" started-at="2023-02-11T14:00:27 IST" name="getPetDetailsByStatus" finished-at="2023-02-11T14:00:29 IST" duration-ms="1487" status="PASS">
          <reporter-output>
          </reporter-output>
        </test-method> <!-- getPetDetailsByStatus -->
      </class> <!-- Tests.GetPetDetailsTests -->
      <class name="Tests.CreatePetTests">
        <test-method signature="createNewPet()[pri:0, instance:Tests.CreatePetTests@4a668b6e]" started-at="2023-02-11T14:00:21 IST" name="createNewPet" finished-at="2023-02-11T14:00:26 IST" duration-ms="5145" status="PASS">
          <reporter-output>
          </reporter-output>
        </test-method> <!-- createNewPet -->
      </class> <!-- Tests.CreatePetTests -->
      <class name="Tests.UpdatePetTests">
        <test-method signature="updatePetDetails()[pri:0, instance:Tests.UpdatePetTests@306cf3ea]" started-at="2023-02-11T14:00:29 IST" name="updatePetDetails" finished-at="2023-02-11T14:00:31 IST" duration-ms="2863" status="PASS">
          <reporter-output>
          </reporter-output>
        </test-method> <!-- updatePetDetails -->
      </class> <!-- Tests.UpdatePetTests -->
    </test> <!-- Surefire test -->
  </suite> <!-- Surefire suite -->
</testng-results>
